<?xml version="1.0" encoding="UTF-8"?>
<!-- Generated by org.testng.reporters.JUnitReportReporter -->
<testsuite hostname="LAPTOP-R7I474I9" name="Test.Sample2_mavin_proj.SelectAndprint" tests="1" failures="0" timestamp="10 Dec 2021 04:07:23 GMT" time="17.627" errors="0">
  <testcase name="select" time="17.627" classname="Test.Sample2_mavin_proj.SelectAndprint"/>
</testsuite> <!-- Test.Sample2_mavin_proj.SelectAndprint -->
