<?xml version="1.0" encoding="UTF-8"?>
<!-- Generated by org.testng.reporters.JUnitReportReporter -->
<testsuite hostname="LAPTOP-R7I474I9" name="Test.Sample2_mavin_proj.tc02Test" tests="2" failures="0" timestamp="9 Dec 2021 09:47:02 GMT" time="0.018" errors="0">
  <testcase name="idly" time="0.003" classname="Test.Sample2_mavin_proj.tc02Test"/>
  <testcase name="dosa" time="0.015" classname="Test.Sample2_mavin_proj.tc02Test"/>
</testsuite> <!-- Test.Sample2_mavin_proj.tc02Test -->
